abrir microonda
abrir microondas
abrir la microonda
abrir la microondas
abrir el horno microonda
abrir el horno microondas
abrir horno
abrir el horno
Abrir Microonda
Abrir Microondas
abre microonda
abre microondas
abre horno
abre el horno
abre la microonda
abre la microondas
Abre Microonda
Abre Microondas
open microwave
abrir la puerta de la microonda
abrir la puerta de la microondas
abrir la puerta del horno microonda
abrir la puerta del horno microondas
abrir la puerta del horno
Abrir la Puerta del Microonda
Abrir la Puerta del Microondas
abre la puerta del microonda
abre la puerta del microondas
abre la puerta del horno
abre la puerta de la microonda
abre la puerta del microonda
abre la puerta del microondas
Abre la Puerta del Microonda
Abre la Puerta del Microondas