apaga la tele
apaga el televisor
apaga la tv
apagar la tele
apagar el televisor
apagar la tv
quita la tele
quita el televisor
quita la tv
quitar el televisor
quitar la tv 
quitar la tele
desactivar el televisor
desactivar la tv
desactivar la tele
desactiva el televisor
desactiva la tv
desactiva la tele
remover el televisor
remover la tv
remover la tele
remueve el televisor
remueve la tv
remueve la tele
apague el televisor
apague la tv
apague la tele
desactive el televisor
desactive la tv
desactive la tele
quite el televisor
quite la tv
quite la tele
remueva el televisor
remueva la tv
remueva la tele
