apaga microonda
apaga microondas
apaga el microondas
apaga la microonda
apaga horno
apaga el horno
apaga el horno microonda
apagar microonda
apagar microondas
apagar la microonda
apagar la microondas
apagar horno
apagar el horno
apagar el horno microonda
apagar el horno microondas
desactiva microonda
desactiva microondas
desactiva la microonda
desactiva horno
desactiva el horno
desactiva el horno microonda
desactiva el horno microondas
desactivar microonda
desactivar microondas
desactivar la microonda
desactivar horno
desactivar el horno
desactivar el horno microonda
desactivar el horno microondas
off microwave