Cerrar Microonda
Cerrar Microondas
Cerrar horno
cerrar horno
cerrar el horno
Cerrar Microondas
cerrar microonda
cerrar microondas
cerrar la microonda
cerrar la microondas
cierra microonda
cierra horno
cierra el horno
cierra microondas
cierra la microonda
cierra la microondas
Cierra Microonda
Cierra Microondas
Cerrar la Puerta del Microonda
Cerrar la Puerta del Microondas
Cerrar la puerta del horno
cerrar la puerta del horno
cerrar la puerta del microonda
cerrar la puerta del microondas
cierra la puerta del microonda
cierra la puerta del microondas
cierra la puerta del horno
Cierra la Puerta del Microonda
Cierra la Puerta del Microondas