En la oscuridad
Los heraldos negros
Apaches
Inferno
Rayuela
Trilce
El principito
Harry Potter
La vaca
Poema de Gilgamesh
Libro de Job (de la Biblia)
Las mil y una noches
Saga de Njál
Todo se desmorona
Cuentos infantiles
Divina Comedia
Orgullo y prejuicio
Papá Goriot
Molloy, Malone muere, El Innombrable, una trilogía
Decamerón
Ficciones
Cumbres Borrascosas
El extranjero
Poemas
Viaje al fin de la noche
Don Quijote de la Mancha
Los cuentos de Canterbury
Relatos cortos
Nostromo
Grandes Esperanzas
Jacques el fatalista
Berlin Alexanderplatz
Crimen y castigo
El idiota
Los endemoniados
Los hermanos Karamazov
Middlemarch
El hombre invisible
Medea
¡Absalom, Absalom!
El ruido y la furia
Madame Bovary
La educación sentimental
Romancero gitano
Cien años de soledad
El amor en los tiempos del cólera
Fausto
Almas muertas
El tambor de hojalata
