hola
hello
Hello
chao
Hola
hola que tal ?
Hola qué tal
Hola qué tal ?
Hola que tal
Hola que tal ?
hola qué tal
hola qué tal ?
hola que tal
Que tal ?
que tal
Qué tal
Qué tal ?
Que tal
que tal ?
Qué hay
Qué hay ?
Que hay
Que hay ?
qué hay
qué hay ?
que hay
que hay ?
Qué hay de nuevo
Qué hay de nuevo ?
Que hay de nuevo
Que hay de nuevo ?
qué hay de nuevo
qué hay de nuevo ?
que hay de nuevo
que hay de nuevo ?
Buenas
buenas
buenos dias
Buenos dias
Buenos días
buenas tardes
Buenas tardes
buenas noches
Buenas Noches
Como estas
como estas
Cómo estas
Cómo estas ?
Como estas ?
cómo estas
cómo estas ?
como te va
Cómo te va
Cómo te va ?
Como te va ?
cómo te va
cómo te va ?
como te va
como te va ?
como va eso
hombre que sorpresa
pero bueno que alegria
que dice el tio
que tal
Cuánto tiempo
Cuánto tiempo ?
Cuanto tiempo
Cuanto tiempo ?
cuánto tiempo
cuánto tiempo ?
cuanto tiempo
cuanto tiempo ?
Dichosos los ojos
dichosos los ojos










